
Copyright (C) 1994-2020 Synopsys, Inc.
This Synopsys software and all associated documentation are proprietary to Synopsys, Inc.
and may only be used pursuant to the terms and conditions of a written license agreement
with Synopsys, Inc. All other use, reproduction, modification, or distribution of the
Synopsys software or the associated documentation is strictly prohibited.
Tool: Synplify Pro (R)
Build: P-2019.09G-Beta2
Install: /home/vagrant/gowin/SynplifyPro
OS: Ubuntu 19.04
Hostname: vagrant
max virtual memory: unlimited (bytes)
max user processes: 3744
max stack size: 8388608 (bytes)


Implementation : rev_1

# Written on Fri Jun  5 13:59:18 2020

##### DESIGN INFO #######################################################

Top View:                "SHIFT_RESISTER"
Constraint File(s):      (none)




##### SUMMARY ############################################################

Found 0 issues in 0 out of 0 constraints


##### DETAILS ############################################################



Clock Relationships
*******************

Starting                 Ending                   |     rise to rise     |     fall to fall     |     rise to fall     |     fall to rise                     
-------------------------------------------------------------------------------------------------------------------------------------------------------------
SHIFT_RESISTER|clock     SHIFT_RESISTER|clock     |     4.422            |     No paths         |     No paths         |     No paths                         
=============================================================================================================================================================
 Note: 'No paths' indicates there are no paths in the design for that pair of clock edges.
       'Diff grp' indicates that paths exist but the starting clock and ending clock are in different clock groups.


Unconstrained Start/End Points
******************************

p:digitPinOutput[0]
p:digitPinOutput[1]
p:digitPinOutput[2]
p:digitPinOutput[3]
p:segmentPinsOutput[0]
p:segmentPinsOutput[1]
p:segmentPinsOutput[2]
p:segmentPinsOutput[3]
p:segmentPinsOutput[4]
p:segmentPinsOutput[5]
p:segmentPinsOutput[6]
p:segmentPinsOutput[7]


Inapplicable constraints
************************

(none)


Applicable constraints with issues
**********************************

(none)


Constraints with matching wildcard expressions
**********************************************

(none)


Library Report
**************


# End of Constraint Checker Report
