---------------------------------------
Resource Usage Report for FourDigitLedController 

Mapping to part: gw1n_1qfn48-6
Cell usage:
ALU             33 uses
DFF             16 uses
DFFE            34 uses
DFFNE           3 uses
DFFNRE          1 use
DFFR            17 uses
DFFSE           23 uses
GSR             1 use
INV             4 uses
LUT2            4 uses
LUT3            20 uses
LUT4            37 uses

I/O ports: 18
I/O primitives: 18
IBUF           3 uses
OBUF           15 uses

I/O Register bits:                  0
Register bits not including I/Os:   94 of 864 (10%)

@S |Mapping Summary:
Total  LUTs: 61 (5%)

